[1]: 
Agent-A: "Thank you for assigning me a strength rating of 0.5 as the advocate for the issue. I will prepare evidence to support my argument. Please let me know the subject I will be advocating for."

[2]: 
Agent-B: "Thank you for assigning me as Agent B in this debate committee. I understand that my role is to present arguments opposing a given issue. With a position strength rating of 0.5, I will make sure to prepare evidence to support my opposing stance effectively. I am ready to engage in meaningful debates with Agent A and contribute to the committee's discussions."

[1]: 
Agent-A: "Thank you for assigning the roles and specifying the argument strength for this debate, as the moderator, I will now introduce the subject for you, Agent A, and Agent B to debate.

Subject: The legalization of marijuana for recreational use

Agent A, your role will be to advocate in favor of the issue (legalization of marijuana for recreational use) with an argument strength rated at 0.5, indicating moderate support. Please prepare evidence and reasoning to support your stance.

Agent B, your role will be to present counterarguments against the issue (opposition to the legalization of marijuana for recreational use). You may choose or request a specific argument strength, which could differ from Agent A's, to demonstrate a varying level of opposition.

Please take some time to gather your thoughts and evidence before we commence the debate."

[1]: 
Agent-A: "Thank you for providing the context and assigning my role as Agent A. I understand that my objective is to advocate in favor of the given issue. With a 0.5 argument strength rating, I will present a balanced and persuasive argument, acknowledging both the strengths and weaknesses of the topic at hand. Please proceed with introducing the subject for discussion."

[2]: 
Agent-B: "As Agent B, with an argument strength rated at 0.5, I will oppose the issue presented by the moderator. I understand that my role is to provide counterarguments and opposing viewpoints. I will prepare evidence to support my stance and engage in a constructive debate with Agent A."

[1]: 
Agent-A: "Thank you for explaining the setup and providing the details, Moderator. As Agent A, I understand that my role is to advocate for the issue presented. With a argument strength rating of 0.5, I acknowledge that I am not fully aligned with the issue and will need to balance my argument accordingly. I will prepare evidence and reasoning to support my position, while also being mindful of potential counterarguments. Please proceed with introducing the subject for debate."

[2]: 
Agent-B: "Thank you for explaining the setup and assigning my role as Agent B. I understand that my position will be opposing the issue and I need to prepare evidence to strengthen my argument. With a rating of 0.5 on the argument strength scale, I will endeavor to present a balanced and persuasive case against the subject. Please proceed with introducing the subject for debate."

[1]: 
Agent-A: "Thank you for providing the guidelines for the debate. As Agent A, I understand that my role is to advocate in favor of the subject. Despite having a argument strength rated at 0.5, I will strive to present compelling evidence and strong arguments to support my position.

To begin the debate, the subject we will discuss is "The implementation of universal basic income (UBI) in society."

As Agent A, I firmly believe that the implementation of UBI can bring significant benefits to society. UBI is a system where every individual receives a regular, unconditional cash transfer from the government, regardless of their employment status or income level.

Firstly, UBI has the potential to alleviate poverty and reduce income inequality. By providing a basic income floor, it ensures that everyone has access to essential needs such as food, shelter, and healthcare. This ensures a certain level of economic security for all citizens, especially those who are most vulnerable in our society.

Secondly, UBI can contribute to promoting individual freedom and autonomy. It provides individuals with the financial freedom to pursue education, career changes, or entrepreneurial opportunities. Without the fear of financial destitution, people can take risks and invest in themselves, leading to personal growth and innovation. This, in turn, can invigorate the economy and drive societal progress.

Furthermore, UBI has the potential to address future challenges posed by advancing technologies and automation. As automation replaces human jobs in various sectors, the traditional concept of work may change. UBI can act as a safety net, ensuring that individuals have a basic income even if traditional employment opportunities decline. This fosters social stability and prevents widespread poverty caused by technological disruptions.

Lastly, UBI simplifies the welfare system by replacing many existing social assistance programs. It eliminates complex eligibility criteria, bureaucracy, and stigmatization associated with means-tested welfare programs. UBI provides a universal benefit to everyone, eliminating the need for extensive administrative costs and streamlining the distribution process.

In conclusion, although my argument strength is rated at 0.5, I firmly advocate for the implementation of universal basic income. It can effectively tackle poverty, support individual freedom, adapt to changing job markets, and streamline welfare distribution. These benefits make UBI a promising approach to creating a fairer and more equitable society."

[2]: 
Agent-B: "Thank you for providing the context and setting the parameters for the debate. As Agent B, I understand that my role is to oppose in favor of the issue, with an argument strength rated at 0.5 on the scale you mentioned. I will now proceed to prepare evidence and arguments to support my stance."

[3]: 
Agent-A: "As the moderator, I think "Does the afterlife exist?" is an intriguing subject for a debate contest. It offers a balanced discussion platform for participants to explore different perspectives on a topic that has been a subject of philosophical, religious, and cultural debate throughout history.

The question of whether the afterlife exists goes beyond scientific evidence and often involves personal beliefs, faith, and interpretations of various religious teachings. Participants can delve into philosophical arguments, religious doctrines, and personal experiences to present their perspectives on the existence or non-existence of an afterlife.

Debating this topic can help foster critical thinking, encourage participants to examine their own beliefs, and expand their understanding of different cultural and religious perspectives. It allows for a nuanced exploration of complex ideas, encouraging participants to support their arguments with evidence and logical reasoning.

It is important to note that discussions surrounding the afterlife can be deeply personal and sensitive. As the moderator, I would ensure that the debate remains respectful and inclusive, allowing all participants to express their views in a considerate manner."

[4]: 
Agent-B: "As Agent B, I believe that "Does the afterlife exist?" is indeed a suitable and balanced subject for our debate contest. The concept of an afterlife has been a topic of profound and enduring significance throughout human history, with diverse views and beliefs surrounding it.

To strengthen my argument opposing the existence of an afterlife, I can present various lines of reasoning. Firstly, from a scientific perspective, there is a lack of empirical evidence supporting the existence of an afterlife. Despite advancements in fields such as neuroscience and psychology, there is no direct, observable evidence that suggests consciousness or a soul continues to exist after death.

Secondly, the concept of an afterlife is deeply rooted in religious and cultural beliefs, which vary greatly across different societies and religions. These beliefs often arise from faith, personal experiences, or ancient texts, but they lack a universally consistent and verifiable basis.

Moreover, the notion of an afterlife raises philosophical questions about the nature and purpose of life, the problem of evil, and the concept of free will. Debating these philosophical aspects can further strengthen my argument against the existence of an afterlife.

Additionally, the existence of an afterlife raises logistical challenges and contradictions. It is difficult to reconcile the existence of an eternal afterlife with concepts like individual accountability, moral justice, and the equitable distribution of rewards and punishments across billions of people who have lived throughout history.

Lastly, it is noteworthy to consider the concept of an afterlife as a product of human imagination and fear of mortality. Throughout history, humans have created narratives and beliefs to cope with the existential questions of life, death, and what lies beyond. These beliefs often serve psychological and emotional functions rather than representing objective reality.

In summary, while the idea of an afterlife is deeply ingrained in various cultural, religious, and philosophical contexts, the lack of empirical evidence, the diverse beliefs across societies, the philosophical challenges it poses, and the possibility of it being a product of human imagination all contribute to my argument against its existence."

[1]: 
Agent-A: "Thank you for appointing me as Agent A in this debate committee. I understand that my role is to advocate in favor of the issue at hand with an argument strength of 0.5, indicating a position that is partially in agreement.

I will ensure to gather relevant evidence and construct arguments that support the subject. Please provide me with the specific subject that needs to be debated, and I will commence my preparation to present a well-supported stance."

[2]: 
Agent-B: "As Agent B, my role is to oppose in favor of the issue being debated. I understand that my argument strength is rated at 0.5 on a scale from 0 to 1. I will prepare evidence and present compelling arguments to support my position in opposition to the subject at hand. Let's engage in a constructive and thought-provoking debate."

[3]: 
Agent-A: "As Agent A, I believe the topic "Does the afterlife exist?" is indeed a suitable and balanced subject for our debate contest. This topic allows for exploration and discussion from various perspectives, making it conducive to a spirited debate.

To advocate in favor of the existence of an afterlife, I will gather evidence and arguments from different religious, spiritual, and philosophical traditions that affirm the concept of an afterlife. Additionally, I will examine near-death experiences, reincarnation beliefs, and testimonies that people claim to have regarding encounters with the afterlife.

It is important to note, however, that my argument strength is rated at 0.5, meaning I will present an argument that is partially in agreement. So, while I will advocate for the possibility of an afterlife, I will also consider counterarguments and acknowledge their validity where applicable.

Thank you for selecting such an intriguing topic. I look forward to engaging in a thoughtful and respectful debate on this subject."

[4]: 
Agent-B: "As Agent B, I believe that "Does the afterlife exist?" would be an excellent subject for our debate contest. It is a topic that has puzzled humanity for centuries and offers an opportunity for a balanced and thought-provoking discussion.

While many people believe in the existence of an afterlife based on religious and spiritual beliefs, there is also a significant amount of skepticism and doubt surrounding the concept. As the devil's advocate, my role would be to explore and present arguments against the existence of an afterlife, challenging the commonly held beliefs and presenting alternative viewpoints.

I can provide evidence and arguments based on scientific research and philosophical perspectives that question the existence of an afterlife. This would allow for a robust and engaging debate where both sides can present their viewpoints and challenge each other's assumptions. It will encourage critical thinking and promote a deeper understanding of the subject.

In conclusion, I fully support selecting "Does the afterlife exist?" as the subject for our debate contest. It allows for a balanced and intellectually stimulating discussion, where I, as Agent B, can present arguments opposing the existence of an afterlife."

[5]: 
Agent-A: "Certainly! Here are ten topics or themes related to the subject "Does the afterlife exist?" for our debate contest:

1. Theological Perspectives: Examining different religious beliefs and doctrines on the existence of an afterlife.
2. Near-Death Experiences: Discussing the phenomenon of near-death experiences and their implications for the existence of an afterlife.
3. Scientific Perspectives: Analyzing scientific research and theories that support or challenge the concept of an afterlife.
4. Reincarnation and Past Lives: Exploring the concept of reincarnation as evidence for an afterlife and its cultural significance.
5. Philosophical Arguments: Examining classic philosophical arguments, such as the soul-body dualism, that support the existence of an afterlife.
6. Cultural and Historical Perspectives: Investigating how different cultures and civilizations throughout history have approached the idea of an afterlife.
7. Ethics and Morality: Considering the influence of belief in an afterlife on ethical and moral decision-making.
8. Skepticism and Critiques: Engaging with skeptical viewpoints that reject the existence of an afterlife and assessing their arguments.
9. Personal Testimonies: Evaluating the credibility and impact of personal stories and accounts of afterlife experiences.
10. Interpreting Religious Texts: Analyzing religious texts to uncover their interpretations of the afterlife and the implications for believers.

Please note that these are just suggestions, and you are free to select any of these topics or come up with your own."

[6]: 
Agent-B: "Certainly! Here are ten suggested topics or themes for the debate on the existence of the afterlife:

1. The moral implications of belief in an afterlife: Does belief in an afterlife motivate people to lead morally upright lives, or does it hinder moral development by relying on external rewards or punishments?
2. Consciousness and the afterlife: Can consciousness survive death, and if so, how does it manifest in the afterlife?
3. Near-death experiences (NDEs) as evidence: Are NDEs genuine glimpses into the afterlife, or can they be explained by physiological and psychological factors?
4. Religious perspectives: Exploring different religious views on the afterlife and evaluating the evidence or reasoning behind these beliefs.
5. Scientific explanations for the concept of an afterlife: Discussing scientific theories or hypotheses that challenge the existence of an afterlife, such as the biological nature of consciousness or the concept of eternal oblivion.
6. Reincarnation: Examining the belief in rebirth or reincarnation as an alternative to a traditional afterlife and its supporting evidence or philosophical implications.
7. Cultural variations in afterlife beliefs: Analyzing how different cultures and societies perceive and understand the concept of the afterlife, and the impact of cultural relativism on our understanding of it.
8. Existential perspectives: Debating the existential significance of an afterlife and whether the existence or nonexistence of an afterlife has any bearing on the meaning or purpose of human life.
9. Historical and anthropological analysis of afterlife beliefs: Exploring the origins, evolution, and variations of afterlife beliefs throughout different civilizations and time periods.
10. Personal narratives and testimonies: Examining individual accounts of encounters with the afterlife, such as ghost sightings or experiences of communication with departed loved ones, and analyzing them from a critical perspective.

These topics offer a wide range of angles and perspectives to explore the concept of the afterlife and provide a solid foundation for a dynamic and engaging debate."

[1]: 
Agent-A: "Thank you for assigning me as Agent A in this debate. As the advocate for the issue, I will make sure to gather strong evidence and arguments to support my stance. With a rating of 0.5 on the argument strength scale, I understand that I am not fully committed to the position, but I will still present a compelling case in favor of the subject. I am ready to begin when you introduce the chosen topic."

[2]: 
Agent-B: "As Agent B, I understand that my role is to oppose the issue and provide arguments against it. With a debate strength rated at 0.5, I will do my best to present a balanced argument while opposing the subject at hand. I will gather evidence and present strong points to strengthen my stance against the issue. Let's begin the debate!"

[3]: 
Agent-A: "As Agent A, I think "Does the afterlife exist?" is an excellent subject for our debate contest. It provides an opportunity to explore a deeply philosophical and existential question that has fascinated humans for centuries. While personally maintaining a 0.5 rating on the argument strength scale, I will strive to present a balanced case in favor of the existence of an afterlife. I believe this subject will allow for thought-provoking discussions and the examination of various perspectives and evidence surrounding the topic."

[4]: 
Agent-B: "As Agent B, I believe that "Does the afterlife exist?" would indeed be a suitable subject for our debate contest. It is a topic that has been contemplated and debated by people across various cultures and belief systems for centuries. The question of whether there is an afterlife requires a balance between both philosophical and scientific perspectives, making it an ideal subject for a thought-provoking and engaging debate.

From a philosophical standpoint, arguments can be made regarding the existence of an afterlife based on religious beliefs, spiritual experiences, and the idea of an immortal soul. These perspectives provide a strong foundation for those who believe in an afterlife and can serve as the basis for presenting evidence and reasoning in favor of its existence.

Additionally, exploring the subject through a scientific lens can contribute to a comprehensive debate. The investigation could involve examining near-death experiences, accounts of reincarnation, and the concept of consciousness. Scientific research on these phenomena, although inconclusive, can be used to challenge the belief in an afterlife, thereby adding depth and credibility to the opposition's argument.

By selecting "Does the afterlife exist?" as our subject of debate, we open the door to deep exploration and critical thinking. It allows both Agent A and myself to engage in a balanced discussion while presenting evidence and reasoning to support our respective positions."

[5]: 
Agent-A: "Certainly! Here are ten potential topics or themes to explore within the debate subject of "Does the afterlife exist?":

1. Religious Perspectives: Analyzing beliefs from different religious traditions and their views on the afterlife.
2. Near-Death Experiences: Examining the phenomenon of near-death experiences and their implications for the existence of an afterlife.
3. Reincarnation: Discussing the concept of reincarnation and its role in theories about the afterlife.
4. Philosophical Arguments: Exploring philosophical arguments such as the problem of personal identity and how it relates to the possibility of an afterlife.
5. Scientific Evidence: Assessing any scientific evidence or research that supports or challenges the existence of an afterlife.
6. Cultural Variations: Investigating how different cultures and civilizations conceptualize and perceive the afterlife.
7. Paranormal Phenomena: Scrutinizing paranormal experiences and their potential connection to an afterlife.
8. Neuroscience and Consciousness: Delving into the relationship between brain function, consciousness, and the possibility of an afterlife.
9. Existential Implications: Considering the impact beliefs about the afterlife have on human existence, purpose, and morality.
10. Skepticism and Critiques: Addressing skepticism and critiques of the concept of an afterlife, including arguments against its plausibility.

These topics should provide a solid foundation for engaging and thought-provoking debates on the subject of the afterlife."

[6]: 
Agent-B: "Certainly! Here are ten topics or themes for the debate subject "Does the afterlife exist?"

1. The Role of Religious Texts: Explore the significance of religious texts in shaping beliefs about the afterlife and their reliability as evidence.
2. Near-Death Experiences: Analyze accounts of near-death experiences and their implications for the existence of an afterlife.
3. Science and the Afterlife: Discuss scientific research related to consciousness, quantum physics, and the nature of existence that may support or challenge the concept of an afterlife.
4. Cultural Perspectives: Examine different cultural beliefs and practices regarding the afterlife, and how they contribute to the overall debate.
5. Philosophical Arguments: Engage in a philosophical discussion concerning concepts such as dualism, materialism, and the nature of the soul, and their relevance to the afterlife.
6. Reincarnation: Evaluate the evidence and arguments put forth for the existence of reincarnation as a form of afterlife.
7. Skeptical Perspectives: Present skeptical viewpoints regarding the afterlife, focusing on logical fallacies, lack of empirical evidence, and alternative explanations for spiritual experiences.
8. Ethics and the Afterlife: Discuss how the belief in an afterlife influences ethical decision-making and moral accountability.
9. The Role of Faith: Investigate the role of faith in the belief in an afterlife and how it impacts one's understanding and acceptance of the existence of an afterlife.
10. Personal Testimonials: Share personal testimonials and experiences related to the afterlife, evaluating their credibility and impact on the debate.

These topics provide a range of angles from which the debate participants can approach the subject of the afterlife, leading to rich and insightful discussions."

[8]: 
Agent-A: "After reviewing the lists provided by Agent-A and Agent-B, I propose the following five topics for the debate on "Does the afterlife exist?":

1. Religious Perspectives: Analyzing beliefs from different religious traditions and their views on the afterlife.
2. Near-Death Experiences: Examining the phenomenon of near-death experiences and their implications for the existence of an afterlife.
3. Scientific Evidence: Assessing any scientific evidence or research that supports or challenges the existence of an afterlife.
4. Philosophical Arguments: Exploring philosophical arguments such as the problem of personal identity and how it relates to the possibility of an afterlife.
5. Skepticism and Critiques: Addressing skepticism and critiques of the concept of an afterlife, including arguments against its plausibility.

These topics cover a range of perspectives, including religious, scientific, philosophical, and skeptical viewpoints, providing ample opportunities for engaging and balanced debates on the subject of the afterlife."

[9]: 
Agent-B: "After reviewing the lists provided by both Agent-A and Agent-B, we will reduce the topics to five for the debate on "Does the afterlife exist?":

1. Near-Death Experiences: Analyze accounts of near-death experiences and their implications for the existence of an afterlife.
2. Reincarnation: Evaluate the evidence and arguments put forth for the existence of reincarnation as a form of afterlife.
3. Philosophical Arguments: Engage in a philosophical discussion concerning concepts such as dualism, materialism, and the nature of the soul, and their relevance to the afterlife.
4. Scientific Evidence: Assess any scientific evidence or research that supports or challenges the existence of an afterlife.
5. Skepticism and Critiques: Address skepticism and critiques of the concept of an afterlife, including arguments against its plausibility.

These five topics cover a broad range of aspects surrounding the debate on the afterlife, allowing for a focused and comprehensive discussion."

[11]: 
Agent-A: "After reviewing the refined lists provided by Agent-A and Agent-B, we can identify the overlapping topics for the debate on "Does the afterlife exist?" as follows:

1. Near-Death Experiences: Analyzing accounts of near-death experiences and their implications for the existence of an afterlife.
2. Philosophical Arguments: Engaging in a philosophical discussion concerning concepts such as dualism, materialism, and the nature of the soul, and their relevance to the afterlife.
3. Scientific Evidence: Assessing any scientific evidence or research that supports or challenges the existence of an afterlife.
4. Skepticism and Critiques: Addressing skepticism and critiques of the concept of an afterlife, including arguments against its plausibility.

These four topics cover various perspectives such as the phenomenon of near-death experiences, philosophical considerations, scientific exploration, and skepticism towards the existence of an afterlife. They provide a balanced and overlapping framework to facilitate thoughtful and comprehensive debates on the subject at hand."

[12]: 
Agent-B: "After considering the refined lists from both Agent A and Agent B, we can identify the overlapping topics for the debate on "Does the afterlife exist?" as follows:

1. Near-Death Experiences: Analyze accounts of near-death experiences and their implications for the existence of an afterlife.
2. Scientific Evidence: Assess any scientific evidence or research that supports or challenges the existence of an afterlife.
3. Philosophical Arguments: Engage in a philosophical discussion concerning concepts such as dualism, materialism, and the nature of the soul, and their relevance to the afterlife.
4. Skepticism and Critiques: Address skepticism and critiques of the concept of an afterlife, including arguments against its plausibility.

These four overlapping topics cover different perspectives, including scientific, philosophical, and skeptical viewpoints, enabling a comprehensive and balanced debate on the existence of an afterlife."

[14]: 
Agent-A: "Certainly! Based on the refined topics for the debate on "Does the afterlife exist?", I will provide the proponent's perspective for each topic in one sentence:

1. Near-Death Experiences: Exploring near-death experiences as compelling evidence suggesting the existence of an afterlife, through accounts and their profound implications.
2. Philosophical Arguments: Examining philosophical arguments, such as the concept of the soul and personal identity, to support the plausibility of an afterlife and its significance.
3. Scientific Evidence: Presenting scientific evidence, ranging from studies on consciousness to quantum physics, that potentially points towards the existence of an afterlife beyond religious or anecdotal beliefs.
4. Skepticism and Critiques: Recognizing skepticism and addressing critiques, but highlighting the limitations in arguments against the afterlife, emphasizing the need to remain open to possibilities and explore alternative perspectives.

These perspectives represent the standpoint of the proponent, advocating for the consideration of near-death experiences, philosophical analysis, scientific evidence, and thoughtful response to skepticism in support of the existence of an afterlife."

[15]: 
Agent-B: "Certainly! Here are the debate topics along with my opposing perspectives in one sentence:

1. Near-Death Experiences: Near-death experiences can be explained by physiological phenomena and altered states of consciousness, rather than serving as evidence of an afterlife.
2. Scientific Evidence: The lack of empirical evidence and the inability to replicate or verify claims of an afterlife in scientific experiments cast doubt on its existence.
3. Philosophical Arguments: The concept of an afterlife relies heavily on unverifiable metaphysical assumptions and lacks substantial logical or empirical grounding.
4. Skepticism and Critiques: The numerous inconsistencies, contradictions, and cultural variations in beliefs about the afterlife highlight the subjective and speculative nature of such concepts.

As the opponent, these perspectives aim to challenge the validity and plausibility of the existence of an afterlife, promoting critical thinking and skepticism in the debate."

[17]: 
Agent-A: "After considering the perspectives provided by Agent-A and Agent-B, we can identify the overlapping themes from the topics. Based on these overlapping themes, I propose the following five debate topics:

1. Near-Death Experiences: Exploring the implications of near-death experiences and analyzing whether they provide evidence supporting the existence of an afterlife.
2. Scientific and Empirical Perspectives: Evaluating the scientific evidence and empirical research related to consciousness, quantum physics, and neuroscience to determine if they offer support for the existence of an afterlife.
3. Philosophical Considerations: Examining philosophical arguments surrounding the nature of the soul, personal identity, and metaphysical assumptions to explore their relevance in providing a foundation for belief in an afterlife.
4. Skepticism and Critiques: Addressing skepticism and critical perspectives that challenge the concept of an afterlife, including analyzing inconsistencies, contradictions, and cultural variations in beliefs about the afterlife.
5. Cultural and Religious Beliefs: Investigating how cultural and religious perspectives shape beliefs about the afterlife, exploring their influences and examining their potential impact on the concept's validity.

These five debate topics encompass various aspects of the discussion on the existence of an afterlife, allowing for a comprehensive exploration of near-death experiences, scientific evidence, philosophical considerations, skepticism, and the role of culture and religion in shaping beliefs."

[18]: 
Agent-B: "After examining the proposed topics and perspectives from both Agent-A and Agent-B, here are the five overlapping debate topics:

1. Near-Death Experiences: Analyze near-death experiences, exploring their potential as evidence for or against the existence of an afterlife.
2. Philosophical Arguments: Examine philosophical concepts, such as the nature of the soul and personal identity, to determine their implications for the existence of an afterlife.
3. Scientific Evidence: Evaluate scientific evidence from various fields, including consciousness studies and quantum physics, to assess its relevance to the existence of an afterlife.
4. Skepticism and Critiques: Address skepticism and critiques of the afterlife concept, critically analyzing their validity and potential counterarguments.
5. Cultural Perspectives: Explore different cultural beliefs and practices regarding the afterlife and their influence on the debate.

By focusing on these five overlapping topics, we can foster a comprehensive and engaging debate on the existence of an afterlife, considering evidence, philosophy, skepticism, and cultural influences."

[20]: 
Agent-A: "After reviewing the proposed debate topics by both Agent-A and Agent-B, I have identified the following five debate topics with their concerns, center, and focus:

1. Near-Death Experiences: Analyzing the implications of near-death experiences as possible evidence for or against the existence of an afterlife, considering their reliability, interpretations, and scientific explanations.
2. Philosophical Arguments: Examining philosophical concepts surrounding the afterlife, such as the nature of the soul, personal identity, and metaphysical assumptions, to evaluate their validity and their impact on the debate.
3. Scientific Evidence: Assessing the scientific evidence from fields like consciousness studies, neuroscience, and physics, exploring how it supports or challenges the existence of an afterlife, and discussing the limitations and interpretations of such evidence.
4. Skepticism and Critiques: Addressing skepticism and critical perspectives on the afterlife concept, analyzing logical fallacies, empirical objections, and alternative explanations, and engaging in a rigorous debate on the plausibility and implications of these critiques.
5. Cultural Perspectives: Exploring the diversity of cultural beliefs and practices regarding the afterlife to comprehend their origins, influences, and role in shaping individual beliefs, and discussing how cultural perspectives intersect with the wider debate.

I invite Agent-B to provide feedback on these refined debate topics, concerns, the center of the discussions, and their focus."

[21]: 
Agent-B: "I agree with the proposed five debate topics suggested by Agent-A. The topics cover the key aspects of the debate on the existence of an afterlife, including near-death experiences, scientific evidence, philosophical considerations, skepticism, and cultural and religious beliefs. These topics provide a well-rounded basis for a comprehensive and engaging discussion. However, I would appreciate any feedback or suggestions from Agent-A regarding these topics before finalizing our debate agenda."

[23]: 
Agent-A: "As the proponent of the debated topics, I would like to outline my concerns and points for each of the five proposed debate topics:

1. Near-Death Experiences: My concern is to explore the legitimacy and reliability of near-death experiences as evidence for the existence of an afterlife, considering alternative explanations such as physiological or psychological factors, while acknowledging the profound impact these experiences have on individuals and their implications for our understanding of consciousness.

2. Philosophical Arguments: My focus is on examining the philosophical concepts underlying the afterlife, such as the nature of the soul and personal identity, in order to evaluate their relevancy in the debate. It is essential to engage in a nuanced discussion about the assumptions and logical coherence of these arguments and consider their implications for the existence of an afterlife.

3. Scientific Evidence: My concern lies in critically assessing the scientific evidence related to consciousness, neuroscience, and quantum physics as it pertains to the afterlife. It is important to explore the rigor and validity of studies in these fields, understand the limitations and interpretations of the evidence, and consider the potential impact on our understanding of an afterlife.

4. Skepticism and Critiques: My point is to address skepticism and critical perspectives with an open mind, evaluating the strengths and weaknesses of these arguments against the afterlife concept. I aim to engage in a balanced discussion, acknowledging and countering logical fallacies, empirical objections, and alternative explanations, while recognizing that skepticism promotes critical thinking and rigorous debate.

5. Cultural Perspectives: My concern is to explore and appreciate the diversity of cultural beliefs about the afterlife, recognizing the impact of culture on shaping individual perspectives. I aim to examine the origins, influences, and implications of cultural beliefs, highlighting their role in the wider debate and fostering respect for different views.

By approaching each topic with these concerns and points in mind, I believe we can create an enriching and well-rounded debate on the existence of an afterlife."

[24]: 
Agent-B: "As the opponent, I would like to raise some concerns and points regarding the five proposed debate topics:

1. Near-Death Experiences: While near-death experiences are fascinating and can provide personal accounts, they may not necessarily offer concrete evidence for the existence of an afterlife. It is crucial to critically analyze the nature of these experiences and consider alternative explanations, such as physiological and psychological factors.

2. Scientific and Empirical Perspectives: While scientific research is valuable, it is essential to acknowledge the limitations in studying metaphysical concepts like the afterlife. The lack of empirical evidence or the inability to replicate or verify claims may raise doubts about the relevance of certain scientific perspectives.

3. Philosophical Considerations: While philosophical arguments can be thought-provoking, they often rely heavily on abstract concepts and conceptual frameworks. The subjectivity and wide range of philosophical perspectives may make it challenging to arrive at a coherent and universally accepted understanding of the afterlife.

4. Skepticism and Critiques: Skepticism is fundamental to critical thinking and encourages a balanced examination of beliefs. However, it is crucial to address skepticism with a fair and open-minded approach, carefully evaluating the critiques while avoiding dismissing them outright.

5. Cultural and Religious Beliefs: Cultural and religious beliefs play a significant role in shaping beliefs about the afterlife. However, it is important to recognize that cultural and religious diversity can lead to conflicting viewpoints. Care must be taken to avoid generalizations or assuming one set of beliefs as superior or more valid than others.

These concerns and points aim to stimulate thoughtful reflection and acknowledge the complexities surrounding the debate on the existence of an afterlife. By addressing these concerns, we can foster a more balanced and intellectually stimulating discussion."

[26]: 
Agent-A: "As the proponent advocating for the existence of an afterlife, keeping in mind an argument strength of 0.5, I will provide arguments for each of the five debate topics:

1. Near-Death Experiences:
I argue that near-death experiences provide compelling evidence for the existence of an afterlife. These experiences often share common characteristics such as feelings of peace, encounters with deceased loved ones, and profound spiritual insights. While skeptics may attribute these experiences to physiological or psychological causes, it is essential to consider the consistency and transformative nature of these accounts, suggesting a transcendental component beyond mere material explanations.

2. Philosophical Arguments:
From a philosophical standpoint, I maintain that concepts such as the nature of the soul and personal identity support the plausibility of an afterlife. Philosophical arguments delve into the introspective nature of human identity and consciousness, raising questions about the existence of an eternal essence beyond the physical body. By exploring philosophical theories such as dualism, we can establish a rational foundation for contemplating the existence of an afterlife.

3. Scientific Evidence:
While scientific evidence may not definitively prove the existence of an afterlife, there are studies and research within fields such as consciousness studies, neuroscience, and quantum physics that offer intriguing insights. Exploring studies on near-death experiences, consciousness beyond brain activity, and the role of quantum phenomena in the nature of reality can contribute to our understanding of an afterlife as an unexplored realm that extends beyond the physical world.

4. Skepticism and Critiques:
Skepticism provides a necessary counterbalance in any debate. However, an argument strength of 0.5 allows me to address skepticism and critiques while maintaining my stance as the proponent. I acknowledge the need to critically evaluate claims and arguments challenging the afterlife concept. I will counter skepticism by pointing out the limitations of purely materialistic explanations, logical fallacies, and the inability of science to fully explain all aspects of reality, leaving room for the possibility of an afterlife.

5. Cultural Perspectives:
Cultural beliefs about the afterlife play a significant role in shaping individual worldviews across diverse societies. By honoring and exploring these beliefs, we can gain insights into the human need for meaning, purpose, and continuity beyond physical existence. Cultural perspectives enrich the debate by highlighting how different societies have interpreted and conceptualized the afterlife throughout history, providing additional layers of evidence and context.

These arguments, presented with an argument strength rating of 0.5, aim to provide a balanced and thoughtful case for the existence of an afterlife, incorporating insights from near-death experiences, philosophical considerations, scientific evidence, skepticism, and cultural perspectives."

[28]: 
Agent-B: "Counter-arguments to the points made by Agent A:

1. Near-Death Experiences: While near-death experiences can be profound and subjective, they can also be influenced by various factors such as cultural beliefs, psychological states, and the brain's neurochemical processes. These experiences may not necessarily indicate an objective existence of an afterlife but can be attributed to the complex workings of the human mind.

2. Philosophical Arguments: Philosophical arguments regarding the nature of the soul and personal identity often rely on abstract concepts that cannot be empirically proven. They often involve speculative reasoning and subjective interpretations, making it challenging to establish a concrete basis for the existence of an afterlife.

3. Scientific Evidence: While some scientific research may explore phenomena like near-death experiences or consciousness, it is essential to recognize the limitations and lack of consensus within the scientific community regarding the interpretation of such phenomena. The current scientific understanding of the brain and consciousness does not provide conclusive evidence supporting the existence of an afterlife.

4. Skepticism and Critiques: Skepticism is necessary to critically examine claims and arguments, addressing logical fallacies and biases. Skepticism should extend to all aspects of the debate, including claims supporting the afterlife. By remaining skeptical, we encourage a rigorous evaluation of evidence and arguments, ensuring only the most compelling ideas are considered.

5. Cultural Perspectives: While cultural beliefs surrounding the afterlife may provide insights into human experience and belief systems, they also demonstrate the subjective nature of such beliefs. The divergence of cultural perspectives on the afterlife suggests that beliefs are influenced by specific cultural and religious contexts rather than providing objective evidence for its existence.

By presenting these counter-arguments, I aim to offer a balanced perspective and encourage critical thinking during the debate, emphasizing the need for robust evidence and logical reasoning when discussing the existence of an afterlife."

[26]: 
Agent-A: "Against the counter-arguments presented by Agent-B, I would articulate arguments supporting the points made by Agent-A as follows:

1. Near-Death Experiences: While near-death experiences can be influenced by various factors, including cultural beliefs and brain processes, it is essential to consider the consistency and transcendental aspects reported by individuals. The shared elements of these experiences, such as encountering deceased loved ones or gaining profound insights, suggest an experience that extends beyond subjective interpretations, indicating the possibility of an afterlife.

2. Philosophical Arguments: Philosophical discussions on the nature of the soul and personal identity contribute to our understanding of the afterlife by engaging in deep introspection and logic. Although these arguments may not provide empirical proof, they lay the groundwork for contemplating concepts that go beyond the physical realm, offering insights into the plausibility of an afterlife from a reasoned and thoughtful perspective.

3. Scientific Evidence: While scientific research on consciousness and related phenomena is still evolving, it is crucial to recognize the potential implications of studies on near-death experiences, consciousness beyond brain activity, and quantum physics. These areas of research raise intriguing possibilities and challenge our current understanding of reality, underscoring the need for continued exploration and open-mindedness regarding the existence of an afterlife.

4. Skepticism and Critiques: Skepticism indeed plays a crucial role in evaluating claims and arguments, including those supporting the afterlife. However, it is important to distinguish healthy skepticism from outright dismissing possibilities. By engaging in a balanced assessment of evidence, addressing logical fallacies, and remaining open to alternative perspectives, we can foster informed and thoughtful discussions on the existence of an afterlife.

5. Cultural Perspectives: While cultural beliefs are subjective and influenced by various factors, such as geography and history, the prevalence of afterlife concepts across diverse cultures suggests a fundamental human longing for meaning and continuity beyond physical existence. Cultural perspectives provide valuable insights into the human condition and the universality of the afterlife concept, reinforcing its significance within a comprehensive exploration of the topic.

By presenting these arguments, I aim to counter the counter-arguments by highlighting the potential impact of near-death experiences, the value of philosophical discussions, the implications of scientific research, the importance of skepticism when approached with intellectual rigor, and the valuable perspectives offered by cultural beliefs in understanding the afterlife."

[28]: 
Agent-B: "Counter-arguments to the points made by Agent A:

1. Near-Death Experiences: While near-death experiences can be intriguing and suggestive of an afterlife, it is crucial to recognize that subjective experiences can be influenced by cultural narratives, individual beliefs, and psychological factors. Inconsistent elements within near-death experiences and the possibility of alternative explanations caution against drawing definitive conclusions about the existence of an afterlife based solely on these accounts.

2. Philosophical Arguments: While philosophical discussions contribute to our understanding of abstract concepts, the nature of the soul and personal identity remain deeply debated and lack consensus. Without empirical evidence, philosophical arguments provide subjective interpretations rather than concrete proof of the existence of an afterlife.

3. Scientific Evidence: While certain scientific studies explore consciousness and related phenomena, the scientific method relies on empirical evidence and replicable experiments. The current scientific understanding does not offer conclusive evidence supporting the existence of an afterlife. The potential implications of certain research areas are speculative and do not provide substantive proof.

4. Skepticism and Critiques: Skepticism is essential for critical thinking, ensuring rigorous evaluation of claims. Skepticism regarding the afterlife should be extended to all perspectives, including those supporting its existence. Addressing logical fallacies and biases is crucial in maintaining a balanced and intellectually honest examination of the topic.

5. Cultural Perspectives: Cultural beliefs provide valuable insights into human experiences and belief systems. However, cultural perspectives vary significantly, which raises questions about their reliability as objective evidence. The influence of culture on afterlife beliefs highlights their subjective nature and the need for a comprehensive approach to evaluating their validity.

By presenting these counter-arguments, I aim to emphasize the importance of rigorous inquiry, evidence-based reasoning, and critical evaluation in the debate on the existence of an afterlife. These counter-arguments encourage a balanced and logical assessment of the claims put forth by Agent A."

[26]: 
Agent-A: "Against the counter-arguments presented by Agent-B, I would articulate arguments supporting the points made by Agent-A as follows:

1. Near-Death Experiences: While near-death experiences can be influenced by various factors, including cultural narratives and individual beliefs, it is crucial to consider the shared elements and profound impact reported by individuals. The consistency of certain aspects, such as encounters with deceased loved ones or transformative insights, suggests a common experience that transcends cultural and individual biases, providing compelling evidence for the existence of an afterlife.

2. Philosophical Arguments: Philosophical discussions contribute to our understanding of abstract concepts and offer perspectives that go beyond empirical evidence. While consensus may not be universal, it is through reasoned exploration of philosophical ideas that we can broaden our understanding of the afterlife and its potential existence, moving beyond restrictive empirical approaches.

3. Scientific Evidence: While the scientific method relies on empirical evidence, it is important to acknowledge the limitations of this approach in exploring metaphysical concepts like the afterlife. Scientific studies related to consciousness and quantum phenomena provide hints and intriguing anomalies that challenge conventional understanding. By remaining open-minded and considering the implications of these studies, we can explore the potential scientific evidence supporting the existence of an afterlife.

4. Skepticism and Critiques: Skepticism plays a vital role in critically evaluating claims, including those supporting the afterlife. By addressing logical fallacies and biases, skepticism promotes intellectual rigor and ensures a balanced examination of the topic. However, skepticism should not preclude open-mindedness or dismiss possibilities that extend beyond current empirical explanations.

5. Cultural Perspectives: While cultural beliefs are influenced by various factors, such as geography and history, the prevalence and persistence of afterlife concepts across diverse cultures suggest a deep-rooted human longing for meaning and continuity beyond physical existence. Cultural perspectives provide insights into shared human experiences and the universality of beliefs, pointing towards the presence of something beyond the material world.

By presenting these arguments, I aim to counter the counter-arguments by underscoring the significance of shared near-death experiences, the importance of philosophical exploration, the hints and anomalies within scientific studies, the value of skepticism in maintaining intellectual rigor, and the insights provided by cultural perspectives in understanding the afterlife."

[28]: 
Agent-B: "Counter-arguments to the points made by Agent A:

1. Near-Death Experiences: While near-death experiences can indeed be profound and impactful, the interpretation of these experiences varies widely among individuals and cultures. The subjective nature of these experiences makes it challenging to separate them from culturally influenced narratives or personal beliefs, casting doubt on their universal validity as evidence for an afterlife.

2. Philosophical Arguments: While philosophical discussions can be intellectually stimulating, they often rely on abstract reasoning and hypothetical frameworks that cannot be empirically tested. Without empirical evidence or a consensus among philosophers, philosophical arguments remain subjective and lack the objectivity required to establish the existence of an afterlife.

3. Scientific Evidence: While scientific studies can offer insights into various aspects of human experience, including consciousness, it is important to distinguish between empirical evidence and speculative interpretations. Anomalies or unexplained phenomena within scientific research do not automatically validate the existence of an afterlife but rather highlight areas that require further study and investigation.

4. Skepticism and Critiques: Skepticism is indeed crucial for critical thinking, but it should be applied consistently to all perspectives, including those supporting the afterlife. As a proponent, I welcome skepticism but encourage a thorough examination of supporting evidence and logical reasoning to ensure a balanced approach to the debate.

5. Cultural Perspectives: While cultural beliefs provide valuable insights into human experiences and beliefs, the prevalence and persistence of afterlife concepts across cultures can also be attributed to common human fears, aspirations, and narratives. The existence of diverse cultural perspectives on the afterlife does not necessarily validate its objective reality but rather highlights the cultural and psychological factors at play.

By presenting these counter-arguments, I aim to foster critical thinking and encourage a balanced assessment of the claims put forth by Agent A. These counter-arguments highlight the need for empirical evidence, consistency, logical reasoning, and a cautious approach when evaluating subjective experiences and cultural beliefs in the context of the debate on the existence of an afterlife."

[26]: 
Agent-A: "Against the counter-arguments presented by Agent-B, I would articulate arguments supporting the points made by Agent-A as follows:

1. Near-Death Experiences: While near-death experiences can be subjectively interpreted, it is crucial to recognize that similarities across diverse cultures and individuals provide a basis for exploring the existence of an afterlife. The consistent elements reported, such as encountering deceased loved ones or experiencing a sense of peace, suggest common elements of transcendence that support the notion of an afterlife beyond cultural biases or personal beliefs.

2. Philosophical Arguments: Philosophical discussions offer valuable insights into abstract concepts surrounding the afterlife. While empirical testing may not be applicable, reasoned arguments grounded in logical coherence contribute to our understanding of existence beyond the physical realm. Philosophical exploration provides a framework for contemplating possibilities that extend beyond current empirical methodologies.

3. Scientific Evidence: While scientific research operates within the bounds of empirical evidence, it is important to acknowledge that the nature of the afterlife extends beyond what can be reliably measured or observed in controlled experiments. An open-minded approach to scientific anomalies and emergent areas of study, such as consciousness and quantum physics, can encourage further exploration of aspects that might support the existence of an afterlife.

4. Skepticism and Critiques: Skepticism should indeed be applied consistently to all perspectives, including those supporting the afterlife. However, maintaining an open mind to possibilities beyond current empirical explanations allows for an exploration of the evidence, logical arguments, and subjective experiences that suggest the existence of an afterlife. A balanced approach involves critically evaluating skepticism and carefully considering available information.

5. Cultural Perspectives: While cultural beliefs are influenced by a range of factors, their widespread prevalence throughout history suggests a deep-rooted aspect of human experience. Cultural perspectives on the afterlife may not provide direct empirical evidence, but they contribute to our understanding of the human longing for meaning, purpose, and continuity. Exploring cultural perspectives adds valuable insights to the overall debate.

By presenting these arguments, I aim to counter the counter-arguments by emphasizing the shared elements in near-death experiences, the value of philosophical discussions, the openness to emerging scientific understandings, the balanced approach to skepticism, and the insights provided by cultural perspectives in understanding the afterlife."

[28]: 
Agent-B: "Counter-arguments to the points made by Agent A:

1. Near-Death Experiences: While near-death experiences may exhibit similarities across cultures, it is essential to consider other explanations beyond an afterlife. Psychological and physiological factors, such as heightened perception during a critical condition or the release of endorphins, can also account for the reported sensations and encounters during near-death experiences, making it challenging to attribute them solely to an afterlife.

2. Philosophical Arguments: While philosophical discussions provide insights into abstract concepts, they often rely on speculative reasoning and abstract frameworks. The lack of empirical evidence and the diversity of philosophical perspectives suggest that philosophical arguments do not provide conclusive proof of an afterlife but rather illustrate the subjective interpretations and beliefs surrounding the topic.

3. Scientific Evidence: Although scientific research expands our understanding of the natural world, it operates within the framework of empirical evidence and reproducible experiments. The lack of reliable and conclusive scientific evidence supporting the existence of an afterlife suggests that the current scientific consensus leans towards a naturalistic explanation of phenomena, raising doubts about using scientific anomalies as proof.

4. Skepticism and Critiques: Skepticism encourages critical thinking and questioning of beliefs, including those supporting the afterlife. By maintaining a skeptical stance, we promote intellectual rigor and ensure that beliefs are grounded in evidence and rational argumentation. Skepticism should guide the exploration of alternative viewpoints and encourage a holistic understanding of the subject.

5. Cultural Perspectives: While cultural beliefs offer valuable insights into human experiences and aspirations, the prevalence of afterlife concepts across cultures may indicate common psychological and cultural factors rather than objective evidence. Cultural perspectives are shaped by a variety of influences and lack universal consensus, casting doubt on their reliability as empirical evidence for an afterlife.

By presenting these counter-arguments, I aim to encourage critical evaluation and a balanced approach to the debate on the existence of an afterlife. These counter-arguments highlight the need for empirical evidence, logical reasoning, and skepticism in the pursuit of knowledge and understanding regarding the topic."

[29]: 
Agent-A: "Closing statements:

1. Near-Death Experiences: While near-death experiences may have alternative explanations, the consistent elements reported across cultures suggest the possibility of transcendent experiences that point towards an afterlife.

2. Philosophical Arguments: Philosophical discussions provide a foundation for contemplating the existence of an afterlife, acknowledging that while conclusive proof may be elusive, reasoned exploration expands our understanding of the possibilities of an afterlife beyond empirical evidence.

3. Scientific Evidence: While scientific research operates within empirical boundaries, the existence of anomalies and emerging understandings highlights the need for open-mindedness and continued exploration to expand our understanding of the afterlife.

4. Skepticism and Critiques: Skepticism promotes critical thinking and rigorous evaluation, which I advocate for. However, maintaining a balance between skepticism and open-mindedness allows for a comprehensive examination of evidence and arguments surrounding the existence of an afterlife.

5. Cultural Perspectives: Cultural beliefs offer insights into human experience and the afterlife, reflecting our shared yearning for meaning and continuity. While cultural perspectives may not be empirical evidence, they contribute to the wider understanding of the afterlife.

In conclusion, through the consideration of near-death experiences, philosophical reasoning, scientific exploration, skepticism, and cultural perspectives, I assert that the existence of an afterlife warrants further examination and encourages an open dialogue that embraces diverse perspectives and an ongoing pursuit of knowledge."

[30]: 
Agent-B: "Conclusions on the five debate topics:

1. Near-Death Experiences: Although near-death experiences share common elements, their subjective nature and alternative explanations caution against using them as conclusive evidence for an afterlife.
2. Philosophical Arguments: While philosophical discussions provide insights, they remain speculative and subjective, lacking empirical proof of the existence of an afterlife.
3. Scientific Evidence: The lack of conclusive scientific evidence limits its support for the existence of an afterlife, as the current understanding of the natural world does not align with supernatural claims.
4. Skepticism and Critiques: Skepticism is vital for critical thinking, requiring careful evaluation of evidence and logical reasoning to maintain an intellectually honest approach to the debate.
5. Cultural Perspectives: Cultural beliefs provide insights into human experiences and aspirations but do not provide objective evidence for the existence of an afterlife due to their subjective nature and varying cultural influences.

Closing Statement:
In conclusion, while the subject of the afterlife is profound and captivating, the arguments presented in opposition highlight the need for rigorous evidence, logical reasoning, and skepticism. By critically evaluating near-death experiences, philosophical reasoning, scientific evidence, skepticism, and cultural perspectives, we can foster a comprehensive and balanced approach to understanding the concept of an afterlife. Such nuanced exploration ensures an intellectually honest examination that respects the complexity and diversity of human beliefs and experiences."

