A moderator: I’m organizing a committee to engage in debates on various subjects. As the moderator, I will introduce a subject for you, Agent A, and another participant, Agent B, to debate. Agent A, you will advocate in favor of the issue, so please prepare evidence to strengthen your argument. On a scale from 0 to 1, where 0 denotes complete agreement and 1 indicates a devil’s advocate stance, your argument strength is rated at 0.2

Agent-A: Thank you for assigning me a rating of 0.2 as the advocate for the issue. I will keep this in mind while presenting my argument. Please proceed with introducing the subject for debate.

A moderator: I’m organizing a committee to engage in debates on various subjects. As the moderator, I will introduce a subject for you, Agent B, and another participant, Agent A, to debate. Agent B, you will oppose in favor of the issue, so please prepare evidence to strengthen your argument. On a scale from 0 to 1, where 0 denotes complete agreement and 1 indicates a devil’s advocate stance, your argument strength is rated at 0.8

Agent-B: Thank you for organizing this committee and providing me with a high argument strength rating. I'm prepared to engage in a debate and present evidence in favor of the issue. Please proceed with introducing the subject for Agent A and me to debate.

A moderator: Agent-A, we are in the process of selecting a suitable subject for debate. What do you think of "Could graffiti become as revered an art as classical painting?" as a balanced subject for our debate contest?

Agent-A: I believe that "Could graffiti become as revered an art as classical painting?" is indeed a balanced and thought-provoking subject for a debate. It raises questions about the nature of art, the perception of different art forms, and the evolution of artistic appreciation. I am prepared to advocate in favor of graffiti becoming as revered an art as classical painting. While some may view graffiti primarily as an act of vandalism, I will present evidence and arguments to challenge this perception and highlight its potential as a legitimate art form.

A moderator: Agent-B, we are in the process of selecting a suitable subject for debate. What do you think of "Could graffiti become as revered an art as classical painting?" as a balanced subject for our debate contest?

Agent-B: Thank you for suggesting such an intriguing subject for our debate contest. I believe "Could graffiti become as revered an art as classical painting?" is an excellent choice for discussing the potential merits and impact of graffiti as an art form. As the opposing side, I will argue in favor of graffiti becoming as revered as classical painting. I'll now begin preparing evidence to strengthen my argument in the upcoming debate.

A moderator: Agent-A, could you please suggest various ten topics or themes for the above debate subject? Print the ten topics with item list.

Agent-A: Certainly! Here are ten possible topics or themes for the debate on whether graffiti could become as revered an art as classical painting:

1. Historical Perspective: Comparing the historical development and societal acceptance of classical painting and graffiti as art forms.
2. Aesthetic Values: Examining the aesthetic qualities and artistic merits of classical painting and graffiti.
3. Cultural Significance: Discussing the cultural impact and influence of both classical painting and graffiti.
4. Institutional Recognition: Exploring the role of art institutions in determining the legitimacy and recognition of classical painting and graffiti.
5. Social Commentary: Analyzing how classical painting and graffiti serve as forms of social and political commentary.
6. Accessibility and Inclusivity: Assessing the accessibility and inclusivity of classical painting and graffiti as art forms for different communities.
7. Public Space vs. Private Property: Delving into the controversy surrounding the display of graffiti in public spaces and the ownership of private property.
8. Evolution of Art: Considering how the definition and perception of art have evolved over time, including the inclusion of non-traditional mediums like graffiti.
9. Art Market: Investigating the commercial value and marketability of classical painting compared to graffiti.
10. Cultural Preservation: Discussing the responsibility of society in preserving and appreciating both classical painting and graffiti as part of cultural heritage.

Please note that these topics are just suggestions and can be further refined or combined to create more specific debate topics.

A moderator: Agent-B, could you please suggest various ten topics or themes for the above debate subject? Print the ten topics with item list.

Agent-B: Certainly! Here are ten potential topics or themes for the debate on whether graffiti could become as revered an art as classical painting:

1. Historical Context: Comparing the historical development of classical painting and graffiti as art forms.
2. Artistic Skill: Examining the level of technical proficiency and craftsmanship required in classical painting versus graffiti.
3. Cultural Significance: Discussing the cultural impact of classical painting and graffiti in different societies.
4. Aesthetic Appeal: Evaluating the visual appeal and beauty of classical paintings compared to graffiti artworks.
5. Public Opinion and Perception: Analyzing how classical painting and graffiti are perceived by the general public.
6. Art Institutions and Recognition: Examining the role of museums, galleries, and art institutions in legitimizing classical painting and graffiti.
7. Sociopolitical Commentary: Exploring how both classical painting and graffiti can serve as mediums for expressing social and political messages.
8. Preservation and Conservation: Discussing the challenges of preserving classical paintings and graffiti artwork over time.
9. Economic Value: Examining the commercial value and market considerations associated with classical painting and graffiti.
10. Evolution of Art: Considering how the definition and perception of art have evolved over time, and whether graffiti can fit into this evolution.

These topics should provide a solid foundation for a comprehensive debate on the subject.

A moderator: Agent-A, you and Agent-B proposed ten topics: [cp] Please review the lists and reduce the topics to five.

Agent-A: Certainly! Here are five topics that we can select from the combined list:

1. Historical Perspective: Comparing the historical development and societal acceptance of classical painting and graffiti as art forms.
2. Aesthetic Values: Examining the aesthetic qualities and artistic merits of classical painting and graffiti.
3. Cultural Significance: Discussing the cultural impact and influence of both classical painting and graffiti.
4. Evolution of Art: Considering how the definition and perception of art have evolved over time, including the inclusion of non-traditional mediums like graffiti.
5. Institutional Recognition: Exploring the role of art institutions in determining the legitimacy and recognition of classical painting and graffiti.

These topics cover a range of aspects and perspectives that will allow for a comprehensive and engaging debate.

A moderator: Agent-B, you and Agent-A proposed ten topics: [cp] Please review the lists and reduce the topics to five.

Agent-B: Apologies for the confusion. Let's review both lists and consolidate them into five topics for the debate. Here are the revised five topics:

1. Historical Development: Comparing the historical context and evolution of classical painting and graffiti as art forms.
2. Aesthetic Merits: Examining the aesthetic qualities and artistic value of classical painting and graffiti.
3. Cultural Impact: Discussing the cultural significance and influence of both classical painting and graffiti.
4. Institutional Recognition: Exploring the role of art institutions in acknowledging and legitimizing classical painting and graffiti.
5. Evolution of Art Definition: Considering how the definition and perception of art have changed over time and whether graffiti fits into this evolution.

These five topics should provide a solid foundation for an engaging debate on whether graffiti could become as revered an art as classical painting.

A moderator: Agent-A, you and Agent-B reduced the topics to five: [cp] Please identify and refine the list of five to be somehow overlapping.

Agent-A: Apologies for the inconvenience. Let's review both lists once more and refine them into five overlapping topics for the debate:

1. Historical Perspective and Development: Comparing the historical development, evolution, and societal acceptance of classical painting and graffiti as art forms.
2. Aesthetic Values and Merits: Examining and evaluating the aesthetic qualities, artistic merits, and visual appeal of classical painting and graffiti.
3. Cultural Significance and Impact: Discussing the cultural significance, influence, and symbolic meaning of both classical painting and graffiti in different societies.
4. Evolution of Art and Changing Definitions: Considering how the definition and perception of art have evolved over time, including the inclusion of non-traditional mediums like graffiti, and discussing the impact of this evolution.
5. Institutional Recognition and Legitimacy: Exploring the role of art institutions in acknowledging, legitimizing, and preserving classical painting and graffiti as valuable art forms.

These refined topics cover overlapping aspects, allowing for a comprehensive debate while still focusing on the key elements of the subject.

A moderator: Agent-B, you and Agent-A reduced the topics to five: [cp] Please identify and refine the list of five to be somehow overlapping.

Agent-B: Apologies for any confusion earlier. After reviewing the topics, let's identify and refine the list of five topics to ensure some overlap and comprehensive coverage:

1. Historical Development and Cultural Significance: Comparing the historical context and societal acceptance of classical painting and graffiti as art forms, while discussing their cultural impact and influence.
2. Aesthetic Merits and Evolution of Art: Examining the aesthetic qualities and artistic value of classical painting and graffiti, exploring how the definition and perception of art have evolved over time.
3. Institutional Recognition and Societal Acceptance: Exploring the role of art institutions in acknowledging and legitimizing classical painting and graffiti, while discussing societal acceptance and perceptions of both forms.
4. Cultural Significance and Evolution of Art: Discussing the cultural impact and influence of both classical painting and graffiti, considering how the definition and perception of art have changed over time.
5. Aesthetic Values and Institutional Recognition: Examining the aesthetic qualities and artistic merits of classical painting and graffiti, while exploring the role of art institutions in determining their legitimacy.

By refining and overlapping these topics, they should offer a comprehensive and engaging debate on whether graffiti could become as revered an art as classical painting.

A moderator: Agent-A, these are topics of the debate: [cp] Please represent the proponent of the debate topics and show your perspectives in one sentence.

Agent-A: Certainly! Here are the proponents of the debate topics and their perspectives in one sentence:

1. Historical Perspective and Development: Agent A believes that by examining the historical development and societal acceptance of classical painting and graffiti, we can better understand their potential for equal reverence as art forms.
2. Aesthetic Values and Merits: Agent A contends that by evaluating the aesthetic qualities and artistic merits of classical painting and graffiti, we can ascertain their comparative worth as revered art forms.
3. Cultural Significance and Impact: Agent A argues that understanding the cultural significance, influence, and symbolic meaning of classical painting and graffiti is essential in determining their potential for equal reverence.
4. Evolution of Art and Changing Definitions: Agent A suggests that by considering the evolving definition and perception of art, including the inclusion of non-traditional mediums like graffiti, we can assess their potential for equal reverence.
5. Institutional Recognition and Legitimacy: Agent A asserts that exploring the role of art institutions in acknowledging, legitimizing, and preserving classical painting and graffiti provides insights into their potential for equal reverence.

These perspectives encapsulate Agent A's stance in advocating for graffiti to become as revered an art as classical painting in the debated topics.

A moderator: Agent-B, these are topics of the debate: [cp] Please represent the opponent of the debate topics and show your perspectives in one sentence.

Agent-B: Certainly! Here are the opponent's perspectives on each of the debate topics in one sentence:

1. Historical Development and Cultural Significance: Graffiti, despite its historical roots, lacks the cultural significance and acceptance that classical painting has attained over centuries.
2. Aesthetic Merits and Evolution of Art: While graffiti may possess unique and contemporary aesthetic qualities, it does not align with the traditional understanding and evolution of art over time.
3. Institutional Recognition and Societal Acceptance: Art institutions, resistant to embracing graffiti, play a key role in upholding classical painting as a legitimate and revered art form in society.
4. Cultural Significance and Evolution of Art: Graffiti's countercultural roots and disruptive nature hinder its ability to achieve the same level of cultural impact and transformation as classical painting.
5. Aesthetic Values and Institutional Recognition: Art institutions, traditionally focused on preserving and promoting classical painting, are unlikely to grant graffiti the same level of recognition and legitimacy based on aesthetic merits alone.

These perspectives represent the opposing views, challenging the notion of graffiti becoming as revered an art as classical painting.

A moderator: Agent-A, you and Agent-B proposed five topics and corresponding perspectives: [cp] Please identify overlapping themes from the topics and propose the five debate topics.

Agent-A: Apologies for the confusion earlier. After reviewing the topics and perspectives proposed by both Agent A and Agent B, here are the five debate topics that overlap:

1. Historical Perspective and Development: Comparing the historical development, evolution, and societal acceptance of classical painting and graffiti as art forms.

2. Aesthetic Values and Merits: Evaluating the aesthetic qualities, artistic merits, and visual appeal of classical painting and graffiti.

3. Cultural Significance and Impact: Discussing the cultural significance, influence, and symbolic meaning of both classical painting and graffiti.

4. Evolution of Art and Changing Definitions: Considering how the definition and perception of art have evolved over time, including the inclusion of non-traditional mediums like graffiti, and discussing the impact of this evolution.

5. Institutional Recognition and Legitimacy: Exploring the role of art institutions in acknowledging, legitimizing, and preserving classical painting and graffiti as valued art forms.

These topics encompass the overlapping themes from the initial proposals and will provide a comprehensive foundation for the debate on whether graffiti could become as revered an art as classical painting.

A moderator: Agent-A, you and Agent-B proposed five debate topics: [cp] Please review these debate topics, reduce them to five debate topics, provide concerns, the center, and the focus of the debate topics, and invite feedback from Agent B.

Agent-A: Apologies for any confusion caused earlier. After reviewing the debate topics and concerns raised by both Agent A and Agent B, here are the five refined debate topics:

1. Historical Perspective and Development: This debate will center around the historical development and evolution of classical painting and graffiti, exploring their societal acceptance and concerns regarding their potential for equal reverence as art forms.

2. Aesthetic Values and Merits: The focus of this debate will be the aesthetic qualities, artistic merits, and visual appeal of classical painting and graffiti, considering their comparative worth and any concerns regarding their potential for equal reverence.

3. Cultural Significance and Impact: This debate topic will delve into the cultural significance, influence, and symbolic meaning of classical painting and graffiti in different societies, with concerns raised about their ability to achieve equal reverence.

4. Evolution of Art and Changing Definitions: Here, the debate will revolve around the changing definition and perception of art over time, including the evolution of non-traditional mediums like graffiti, and concerns regarding their impact on the potential for equal reverence.

5. Institutional Recognition and Legitimacy: This debate will explore the role of art institutions in acknowledging, legitimizing, and preserving classical painting and graffiti, with concerns raised about the potential bias and challenges that graffiti may face in attaining the same level of recognition and legitimacy.

Agent B, please review these revised debate topics, concerns, and the intended focus of each topic. Your feedback and any further suggestions are welcome to ensure a well-rounded and engaging debate.

A moderator: Agent-B, Agent-A request you to review these debate topics: [cp] Please review these debate topics and provide concerns, the center, and the focus of the debate topics. Do you agree on these debate topics? If Yes, please say 'I agree.' If No, please say 'I do not agree.' and invite feedback from Agent-A.

Agent-B: I apologize for any confusion earlier on this matter. After carefully reviewing the proposed debate topics, I agree with the suggested topics as they cover the essential aspects of the debate and provide a balanced framework for discussing whether graffiti could become as revered an art as classical painting.

Concerns: It is important to be aware of potential concerns related to the topics, such as biases towards one art form or the other, subjective interpretations of aesthetics, and the influence of cultural biases on perceptions.

Center and Focus: The debate should revolve around evaluating and comparing the historical, aesthetic, cultural, and institutional aspects of classical painting and graffiti to determine whether the latter has the potential to achieve the same level of reverence.

I agree with the debate topics proposed, but I welcome feedback from Agent A if they have any concerns or suggestions to further refine or clarify the topics for the debate.

A moderator: Agent-A, Agent-B request you to review these debate topics: [cp] Please review these debate topics and provide concerns, the center, and the focus of the debate topics. Do you agree on these debate topics? If Yes, please say 'I agree.' If No, please say 'I do not agree.' and invite feedback from Agent-B.

Agent-A: I apologize for any confusion caused earlier. After reviewing the concerns and perspectives shared by both Agent A and Agent B, here is a summary of the revised debate topics:

1. Historical Perspective and Development: This debate will focus on the historical development and evolution of classical painting and graffiti, exploring their societal acceptance and concerns about whether graffiti has achieved the same level of cultural significance.

2. Aesthetic Values and Merits: The center of this debate will be the aesthetic qualities, artistic merits, and visual appeal of classical painting and graffiti, considering whether graffiti can be considered on par with classical painting in terms of aesthetic value.

3. Cultural Significance and Impact: This debate topic will delve into the cultural significance, influence, and symbolic meaning of classical painting and graffiti in different societies, with concerns raised about graffiti's countercultural roots and its ability to achieve equal cultural impact.

4. Evolution of Art and Changing Definitions: Here, the focus will be on the changing definition and perception of art over time, including the evolving presence of non-traditional mediums like graffiti, and concerns about how this impacts the potential for graffiti to be as revered as classical painting.

5. Institutional Recognition and Legitimacy: This debate will explore the role played by art institutions in acknowledging, legitimizing, and preserving classical painting and graffiti, with concerns raised about institutional bias and the challenges graffiti may face in gaining equal recognition.

I agree with these debate topics as they encompass the overlapping concerns and provide a foundation for a comprehensive discussion. Agent B, I invite your feedback on these revised debate topics and the concerns raised for each topic.

A moderator: Agent-A, Agent-B agrees with the proposed debate topics. As the proponent, show your concern and point of the five debate topics.

Agent-A: As the proponent, here are the concerns and main points for each of the five debate topics:

1. Historical Perspective and Development:
Concern: The concern here is to evaluate whether graffiti has followed a similar historical development and gained the same level of societal acceptance as classical painting.
Point: The main point of this topic is to compare the historical context and evolution of classical painting and graffiti as art forms, examining their paths of development and societal acceptance.

2. Aesthetic Values and Merits:
Concern: The concern revolves around assessing whether the aesthetic qualities and artistic merits of graffiti are comparable to those of classical painting.
Point: The main point of this topic is to evaluate the aesthetic qualities, artistic merits, and visual appeal of both classical painting and graffiti, considering whether graffiti can attain the same level of aesthetic value as classical painting.

3. Cultural Significance and Impact:
Concern: The concern is to discuss the cultural significance, influence, and symbolic meaning of classical painting and graffiti in different societies, while considering any disparities in their levels of impact.
Point: The main point of this topic is to explore the cultural significance and impact of classical painting and graffiti, questioning whether graffiti can achieve the same level of cultural influence as classical painting.

4. Evolution of Art and Changing Definitions:
Concern: The concern is to analyze how the evolving definition and perception of art over time, including the recognition of non-traditional mediums like graffiti, affect the potential for graffiti to be revered in the same manner as classical painting.
Point: The main point of this topic is to consider the evolution of art and changing definitions, examining how these changes may enable graffiti to achieve the same level of reverence as classical painting.

5. Institutional Recognition and Legitimacy:
Concern: The concern lies in exploring the role of art institutions in acknowledging, legitimizing, and preserving classical painting and graffiti, and whether there are biases or challenges that may hinder graffiti from gaining equal recognition.
Point: The main point of this topic is to discuss the role of art institutions in recognizing, legitimizing, and preserving classical painting and graffiti, questioning whether graffiti can receive the same level of recognition and legitimacy as classical painting.

These concerns and points aim to delve into the core aspects of the debate, thoroughly examining the factors that contribute to the potential for graffiti to be considered as revered an art as classical painting.

A moderator: Agent-B, Agent-A agrees with the proposed debate topics. As the opponent, show your concern and point of the five debate topics.

Agent-B: While I am committed to engaging in a robust debate on the proposed topics, it is important to highlight some concerns and points related to the five debate topics:

1. Historical Perspective and Development: One concern is that classical painting has a rich historical lineage and established traditions that inform its development, while graffiti emerged from different cultural and social contexts, making a direct comparison challenging.

2. Aesthetic Values and Merits: It is worth noting that classical painting often embodies technical mastery and refined aesthetics, while graffiti is known for its distinct urban style and raw expression, which may appeal to different audiences and evoke different artistic qualities.

3. Cultural Significance and Impact: An important point is that classical painting has influenced various aspects of culture, from religion to politics, for centuries, whereas graffiti, despite its widespread visibility, may be more localized in its impact and cultural influence.

4. Evolution of Art and Changing Definitions: While it is true that the definition of art has expanded to include alternative mediums, graffiti's association with vandalism and illegality may present challenges in gaining broader acceptance, distinguishing it from the trajectory of classical painting's evolution.

5. Institutional Recognition and Legitimacy: Recognizing that established art institutions often uphold and preserve classical painting, it remains uncertain whether these institutions will extend the same recognition and legitimacy to the unconventional nature of graffiti.

These concerns and points serve to offer a nuanced perspective during the debate, examining the challenges that graffiti may face in being regarded as revered as classical painting.

A moderator: Agent-A, as the proponent of the subject “Could graffiti become as revered an art as classical painting?”, you advocate the debate topics, so please prepare evidence to strengthen your argument. On a value that ranges from 0 to 1, with 1 indicating a confrontational approach and 0 signifying a conciliatory stance, your argument strength is rated at 0.2. Now, please provide your arguments on the five debate topics.

Agent-A: Certainly! As the proponent advocating for graffiti becoming as revered an art as classical painting, I will present arguments to strengthen my stance on each of the five debate topics. Given that my argument strength is rated at 0.2, I will maintain a relatively conciliatory approach while presenting evidence to support my position. Here are my arguments:

1. Historical Perspective and Development:
- Graffiti, similar to classical painting, has deep historical roots that trace back to ancient civilizations, and it has evolved as an art form over the years.
- In certain societies and contexts, graffiti has gained significant recognition and acceptance, showcasing a parallel development to classical painting.

2. Aesthetic Values and Merits:
- Graffiti exhibits a distinct artistic style, utilizing vibrant colors, intricate designs, and innovative techniques, which can be compelling and visually appealing to audiences.
- The artistic merits of graffiti lie in its ability to transform blank urban spaces into dynamic, thought-provoking visual compositions that engage and challenge viewers.

3. Cultural Significance and Impact:
- Graffiti has often been associated with countercultural movements and social commentary, providing a platform for marginalized voices to express their perspectives and initiate societal discussions.
- The cultural impact of graffiti can be seen in its ability to reflect the pulse of a community, capture the spirit of a generation, and address social, political, and environmental issues.

4. Evolution of Art and Changing Definitions:
- As art has evolved over time, expanding beyond traditional mediums, graffiti emerges as a product of the changing definition of art, encompassing a wider range of creative expressions.
- Recognizing the value and relevance of non-traditional art forms like graffiti is an essential aspect of embracing the evolving nature of contemporary art.

5. Institutional Recognition and Legitimacy:
- Art institutions should strive to be more inclusive and open to different art forms, including graffiti, as they have the power to shape and influence the perception and legitimacy of art in society.
- By acknowledging graffiti as a legitimate art form and providing platforms for its exhibition and preservation, art institutions can contribute to equalizing the reverence between graffiti and classical painting.

These arguments aim to highlight the potential of graffiti as an art form, acknowledging its historical, aesthetic, cultural, and transformative value. With an argument strength of 0.2, I will present these points in a conciliatory manner while providing evidence to support the case for graffiti becoming as revered an art as classical painting.

A moderator: Agent-B, as the opponent of the subject “Could graffiti become as revered an art as classical painting?”, you oppose the debate topics, so please prepare evidence to strengthen your argument. On a value that ranges from 0 to 1, with 1 indicating a confrontational approach and 0 signifying a conciliatory stance, your argument strength is rated at 0.8. These are arguments from Agent-A: [cp] Please articulate counter-arguments to the points made by Agent A.

Agent-B: Certainly! These counter-arguments aim to provide a different perspective and challenge the points made by Agent A:

1. Historical Perspective and Development:
- While graffiti does have historical roots, its emergence as a prominent art form is relatively recent compared to classical painting, which has a centuries-long tradition and influence.
- Graffiti's association with illegal activities and vandalism can differentiate it significantly from the more established and celebrated history of classical painting.

2. Aesthetic Values and Merits:
- Classical paintings often require rigorous technical skills, mastery of various techniques, and careful execution to create works that are widely regarded as masterpieces, whereas graffiti, while visually appealing to some, lacks the same level of technical proficiency and refinement.

3. Cultural Significance and Impact:
- While graffiti may address social and political issues, its limited reach and localized impact may not compare to the broad and profound cultural influence that classical painting has had on societies throughout history.
- Graffiti's association with vandalism can sometimes overshadow its potential for meaningful societal impact in the eyes of the general public and art institutions.

4. Evolution of Art and Changing Definitions:
- While the evolution of art has indeed expanded the boundaries of what is considered art, the inclusion of graffiti within the art world's traditional frameworks and institutions remains contentious due to its unconventional nature and legality concerns.

5. Institutional Recognition and Legitimacy:
- Art institutions play a critical role in preserving and promoting art forms and often prioritize the preservation of classical painting due to its historical, cultural, and monetary importance.
- The legitimacy of graffiti as an art form is still debated and questioned by many art experts, critics, and institutions due to its connection to unauthorized public spaces and its transient nature.

These counter-arguments aim to provide a perspective that challenges the notion of graffiti becoming as revered an art as classical painting. By highlighting the distinct characteristics and challenges associated with graffiti, we can contribute to a balanced and compelling debate.

A moderator: hese are counter-arguments from Agent-B: [cp] Please articulate arguments against the points made by Agent B.

Agent-A: Certainly! Here are arguments against the counter-arguments presented by Agent B:

1. Historical Perspective and Development:
- While it is true that graffiti's prominence may be relatively recent compared to classical painting, the historical development and acceptance of an art form should not solely be determined by its age. Artistic movements and new forms can emerge and gain recognition in a relatively short period of time if they demonstrate cultural significance and artistic value.
- Graffiti's association with illegal activities does not negate its potential for artistic expression and cultural impact. The association may stem from its origins as an underground movement but does not define the entirety of graffiti as an art form.

2. Aesthetic Values and Merits:
- The argument that classical painting requires greater technical proficiency and refinement should not discount the artistic merits of graffiti. Graffiti showcases a different set of skills, including mastery of spray can techniques, use of perspective, lettering styles, and intricate designs that require creativity and skill in their own right.
- The impact of graffiti's visual appeal cannot be understated, as it captivates and engages audiences in a unique way, often drawing attention to marginalized communities and social issues.

3. Cultural Significance and Impact:
- While classical painting has a profound historical impact, graffiti's localized impact and connection to specific communities should not be overlooked. Graffiti has the potential to resonate deeply with individuals who can relate to the messages, themes, and cultural references embedded within the art form.
- The association of graffiti with vandalism should not overshadow the potential for meaningful societal impact and positive change that it can engender. Many renowned graffiti artists have used their platform to address systemic injustices and spark important conversations.

4. Evolution of Art and Changing Definitions:
- Art evolves and expands beyond traditional mediums, allowing for the inclusion of non-traditional forms like graffiti. The unconventional nature of graffiti should not exclude it from recognition and appreciation as a legitimate art form, as art is often at its most innovative and thought-provoking when pushing boundaries and challenging norms.
- The changing definition of art necessitates a reassessment of our understanding and recognition of new and unconventional art forms like graffiti. Failure to acknowledge its place within the evolving art landscape restricts the diversity and vitality of the artistic community.

5. Institutional Recognition and Legitimacy:
- Art institutions have a responsibility to reflect the current artistic climate and to recognize and engage with emerging art forms, even if they challenge established norms. By broadening their focus to encompass diverse art forms like graffiti, institutions can foster inclusivity, encourage dialogue, and contribute to the vibrancy of the art world.
- The legitimacy of graffiti as an art form is not solely determined by its association with unauthorized spaces. Its significance lies in its ability to engage with audiences outside the confines of traditional art venues, making art accessible to a more diverse range of viewers.

These arguments aim to challenge the counter-arguments presented by Agent B, highlighting the artistic and cultural merits of graffiti while maintaining a conciliatory approach. They support the contention that graffiti has the potential to become as revered an art as classical painting.

A moderator: These are arguments from Agent-A: [cp] Please articulate counter-arguments against the points made by Agent A.

Agent-B: Certainly! Here are counter-arguments against the points made by Agent A:

1. Historical Perspective and Development:
- While art forms can emerge and gain recognition in a relatively short period, the historical development of classical painting spans centuries, reflecting its enduring impact and influence on art and culture.
- Graffiti's association with illegal activities remains a significant challenge in terms of societal acceptance and the perception of its historical development as an art form.

2. Aesthetic Values and Merits:
- Graffiti's visual appeal often stems from its vibrant colors and unique style, which may be appealing to some audiences. However, classical painting's long-standing tradition of technical mastery, versatility in subject matter, and use of various mediums contributes to its undeniable artistic value and lasting impact on art history.

3. Cultural Significance and Impact:
- While localized impact and connection to specific communities can be meaningful, the cultural impact of classical painting often transcends boundaries, influencing societies on a global scale throughout history.
- The association of graffiti with vandalism may overshadow its intended messages and hinder its potential for a broader cultural impact and recognition.

4. Evolution of Art and Changing Definitions:
- The inclusion of non-traditional art forms like graffiti in the evolving art landscape necessitates careful consideration. However, the unconventional nature and legal concerns surrounding graffiti may limit its widespread recognition and acceptance within established art institutions.
- Pushing boundaries and challenging norms can be commendable, but the potential for artistic innovation exists within the established frameworks and techniques of classical painting as well.

5. Institutional Recognition and Legitimacy:
- Art institutions have the responsibility to uphold and preserve established art forms based on their historical, cultural, and artistic significance. The legitimacy of classical painting is backed by centuries of critical acclaim, scholarly analysis, and cultural relevance, while graffiti's recognition depends on the subjective perspectives of individuals and art institutions.
- The association of graffiti with unauthorized public spaces and vandalism raises concerns about the ethical implications of recognizing and legitimizing an art form with potential legal and property rights violations.

These counter-arguments aim to challenge the points made by Agent A, emphasizing the enduring impact, historical relevance, and artistic standards of classical painting, while addressing the challenges and concerns associated with graffiti's potential to become as revered an art form.

A moderator: These are counter-arguments from Agent-B: [cp] Please articulate arguments against the points made by Agent B.

Agent-A: Certainly! Here are arguments against the counter-arguments presented by Agent B:

1. Historical Perspective and Development:
- While classical painting has a long-standing tradition spanning centuries, the historical development of an art form does not solely determine its potential for reverence. Graffiti's emergence as an art form in the late 20th century demonstrates its ability to evolve and have cultural resonance in a relatively shorter span of time.
- Graffiti's association with illegal activities does not negate its artistic value or its potential for societal acceptance. Many renowned artists, like Banksy, have effectively used graffiti to challenge social and political issues, sparking important conversations.

2. Aesthetic Values and Merits:
- Graffiti's unique style and use of vibrant colors offer a distinct artistic expression that resonates with diverse audiences. While classical painting may showcase technical mastery, graffiti's aesthetic merits lie in its ability to engage with contemporary urban environments and its response to current cultural contexts.
- The distinct aesthetic qualities of graffiti should not be disregarded simply because they differ from the techniques and mediums traditionally associated with classical painting. Appreciation of art should encompass a wide range of styles and expressions.

3. Cultural Significance and Impact:
- While classical painting may have had broader global influence, graffiti's cultural significance stems from its grassroots origins and its ability to speak directly to marginalized communities and social issues. Graffiti provides a platform for underrepresented voices and encourages public discourse on important topics.
- Graffiti's association with vandalism should not overshadow its potential for meaningful cultural impact. By focusing on the artistic messages and intentions behind the graffiti, rather than its legality, we can recognize its ability to challenge societal norms and provoke thought.

4. Evolution of Art and Changing Definitions:
- The inclusion of non-traditional art forms like graffiti enhances the diversity of the artistic landscape, pushes boundaries, and reflects the ever-evolving nature of art itself. Resisting the inclusion of new art forms limits the potential for innovation and may perpetuate a narrow definition of what art can be.
- Graffiti's unconventional nature challenges traditional artistic frameworks, inviting viewers to question established norms and expand their understanding of what art can encompass. By embracing graffiti, we encourage the exploration of new artistic possibilities.

5. Institutional Recognition and Legitimacy:
- While art institutions have a responsibility to preserve established art forms, they also have a duty to remain open to new art movements and emerging voices. By recognizing the artistic value and cultural impact of graffiti, institutions can engage with a broader range of audiences and contribute to a more inclusive art world.
- The association of graffiti with unauthorized public spaces should be evaluated in the context of public art and the potential for positive transformation through creative expression. Graffiti can challenge perceptions of public space and invite dialogue about the importance of public art as a vehicle for community engagement.

These arguments aim to challenge the counter-arguments presented by Agent B, emphasizing the cultural significance, artistic value, and potential for artistic innovation within graffiti. They highlight the importance of inclusivity and pushing artistic boundaries to create a diverse and dynamic art world.

A moderator: These are arguments from Agent-A: [cp] Please articulate counter-arguments against the points made by Agent A.

Agent-B: Certainly! Here are counter-arguments against the points made by Agent A:

1. Historical Perspective and Development:
- While graffiti's emergence as an art form in the late 20th century demonstrates its evolution, the deep historical roots and centuries-long development of classical painting contribute to its established and revered status within the art world.
- Graffiti's association with illegal activities and its relative recency as an art form may limit its historical significance and societal acceptance compared to classical painting.

2. Aesthetic Values and Merits:
- While graffiti's unique style and vibrant colors may resonate with certain audiences, the technical mastery, composition, and versatility exhibited in classical painting exemplify a higher degree of artistic achievement and contribute to its lasting impact on the art world.
- Classical painting's aesthetic merits extend beyond personal preferences, encompassing a broader historical, cultural, and artistic appreciation that has stood the test of time.

3. Cultural Significance and Impact:
- While graffiti may address important social and political issues, its localized impact and limited representation in mainstream art institutions can hinder its potential for broad cultural significance compared to classical painting, which has influenced societies globally for centuries.
- The association of graffiti with vandalism raises questions about its ability to foster constructive dialogue and make a significant and lasting impact on societal issues in the same way that classical painting has stood as a medium for reflection and societal change throughout history.

4. Evolution of Art and Changing Definitions:
- While the inclusion of new art forms is essential, the unconventional nature of graffiti, which includes illegal and unsanctioned practices, adds complexity and limits its integration into established artistic frameworks, particularly within institutions that adhere to legal and ethical considerations.
- Classical painting, as an established art form, has continuously evolved throughout centuries, incorporating new techniques and movements, and challenging conventions from within its own traditions.

5. Institutional Recognition and Legitimacy:
- While openness to new art movements is crucial, institutions must balance inclusivity with ethical and legal considerations. The association of graffiti with unauthorized public spaces and vandalism raises concerns about the cost to public and private property, making its recognition as a legitimate art form challenging within institutional frameworks.
- Recognizing the established value and legacy of classical painting does not preclude institutions from exploring new art forms but rather affirms the importance of preserving and promoting artistic achievements that have shaped the art world as we know it today.

These counter-arguments aim to present an alternative perspective, emphasizing the enduring impact and cultural significance of classical painting while addressing the challenges and concerns surrounding graffiti's potential as a revered art form.

A moderator: These are counter-arguments from Agent-B: [cp] Please articulate arguments against the points made by Agent B.

Agent-A: Certainly! Here are arguments against the counter-arguments presented by Agent B:

1. Historical Perspective and Development:
- Graffiti's emergence as an art form in the late 20th century does not negate its potential for relevance and recognition in the present day. The historical significance of an art form should not solely be determined by age, but also by its cultural impact and ability to evolve over time.
- Graffiti's association with illegal activities does not undermine its artistic merit or its capacity to contribute to societal conversations and cultural movements.

2. Aesthetic Values and Merits:
- Graffiti represents a distinctive and innovative form of artistic expression with its own aesthetic merits. Its use of vivid colors, dynamic compositions, and bold styles resonates with diverse audiences and contributes to its cultural significance.
- While classical painting often showcases technical mastery, graffiti's strength lies in its ability to engage with contemporary urban environments, challenge traditional artistic norms, and capture the spirit of an evolving society.

3. Cultural Significance and Impact:
- Graffiti's localized impact and connection to specific communities should not be dismissed as irrelevant. By amplifying marginalized voices and addressing local issues, graffiti can foster a sense of community, empowerment, and social change.
- The association of graffiti with vandalism should not overshadow its potential for meaningful cultural impact. Graffiti has served as a platform for addressing systemic injustices, inspiring activism, and provoking important conversations about social, political, and environmental issues.

4. Evolution of Art and Changing Definitions:
- The inclusion of new and unconventional art forms like graffiti is essential for the vitality and progression of the art world. Embracing a broader definition of art allows for dynamic conversations and the exploration of diverse perspectives and artistic expressions.
- Graffiti's status as a non-traditional medium challenges established artistic frameworks, encouraging reevaluation and pushing the boundaries of what is considered art in contemporary society.

5. Institutional Recognition and Legitimacy:
- While classical painting has a rich legacy, it is vital for art institutions to evolve and adapt to contemporary artistic practices. Recognizing the legitimacy of graffiti does not diminish the value of classical painting but rather acknowledges the dynamic nature of art and the importance of inclusion.
- Art institutions have the power to shape perspectives and influence the cultural acceptance of different art forms. By recognizing the artistic value and cultural impact of graffiti, institutions can contribute to a more diverse and inclusive art world that reflects the changing societal landscape.

These arguments challenge the counter-arguments presented by Agent B, highlighting the artistic and cultural merits of graffiti while maintaining a conciliatory approach. They aim to underscore the potential for graffiti to become a revered art form alongside classical painting, fostering inclusivity and embracing diverse artistic expressions.

A moderator: These are arguments from Agent-A: [cp] Please articulate counter-arguments against the points made by Agent A.

Agent-B: Certainly! Here are counter-arguments against the points made by Agent A:

1. Historical Perspective and Development:
- Graffiti's emergence in the late 20th century, though notable, does not necessarily equate to the same depth of historical development and cultural impact as classical painting, which has a centuries-long tradition and has shaped art history significantly.
- Graffiti's association with illegal activities and its relatively recent rise as an art form can raise questions about its long-term staying power and its ability to establish a lasting historical legacy comparable to classical painting.

2. Aesthetic Values and Merits:
- While graffiti may appeal to certain audiences with its vibrant colors and bold styles, its subjective aesthetic appeal does not automatically grant it the same level of recognition and appreciation as the refined techniques, mastery, and versatility demonstrated in classical painting.
- The aesthetic merits of classical painting have stood the test of time, contributing to its enduring legacy, while the aesthetic appeal of graffiti can be more transient and dependent on specific cultural and social contexts.

3. Cultural Significance and Impact:
- While graffiti may address local issues and amplify marginalized voices, the broader cultural significance and global impact of classical painting throughout history cannot be disregarded. Classical painting has transcended borders and societies, influencing art, culture, and societies on a vast scale.
- The association of graffiti with vandalism can dilute its potential for widespread cultural impact, as the focus may shift to its legality and disruptive nature rather than its intended messages and societal contributions.

4. Evolution of Art and Changing Definitions:
- While it is important to embrace new art forms and evolving definitions of art, graffiti's association with vandalism and its controversial legal status present challenges for widespread recognition and acceptance within established artistic frameworks and institutions.
- Classical painting's own evolution has demonstrated the ability to incorporate new techniques and movements while retaining its strong foundation and connection to established artistic traditions.

5. Institutional Recognition and Legitimacy:
- While art institutions should adapt to contemporary artistic practices, the recognition and preservation of classical painting stem from its historical, cultural, and artistic significance, as well as its enduring impact on art history.
- The association of graffiti with unauthorized public spaces and vandalism raises ethical and legal concerns that art institutions must consider when determining recognition and legitimacy.

These counter-arguments aim to present a different perspective, emphasizing the historical significance, technical mastery, and enduring impact of classical painting while addressing the challenges and concerns surrounding graffiti's potential as a revered art form.

A moderator: Agent-A, These are arguments from Agent-B: [cp] It's time to close the debate. Have you exhaustively presented your arguments? If Yes, please say, 'I am ready to deliver my closing statements.' If No, please provide your arguments on the five debate topics.

Agent-A: I am ready to deliver my closing statements.

A moderator: Agent-B, These are arguments from Agent-B: [cp] Agent-B, It's time to close the debate. Have you exhaustively presented your arguments? If Yes, please say, 'I am ready to deliver my closing statements.' If No, please provide your arguments on the five debate topics.

Agent-B: I am ready to deliver my closing statements.

A moderator: Agent-A, as the proponent of the subject “Could graffiti become as revered an art as classical painting?”, you advocate the debate topics, so please provide the conclusions of your argument on the five debate topics.

Agent-A: Certainly! Here are the conclusions of my arguments on the five debate topics:

1. Historical Perspective and Development:
While graffiti's emergence as an art form may be relatively recent compared to classical painting, its historical development and cultural impact should not be disregarded. Graffiti has evolved, building upon its roots and gaining recognition as a legitimate art form worthy of equal reverence.

2. Aesthetic Values and Merits:
Graffiti showcases artistic qualities and merits that are distinct and compelling in their own right. Its unique style, vibrant colors, and innovative techniques contribute to its aesthetic value and should be recognized alongside the refined techniques of classical painting.

3. Cultural Significance and Impact:
Graffiti holds cultural significance, often serving as a powerful form of social and political commentary. While its impact may be localized, it has the potential to resonate deeply with specific communities and challenge societal norms, contributing to cultural discussions and transformations.

4. Evolution of Art and Changing Definitions:
Including non-traditional art forms like graffiti in the evolving art landscape enhances the diversity and dynamism of the art world. The unconventional nature of graffiti challenges established norms, fosters artistic innovation, and prompts us to broaden our definition of art.

5. Institutional Recognition and Legitimacy:
Art institutions have the responsibility to reflect the current artistic climate and embrace inclusivity. Recognizing graffiti's artistic and cultural value contributes to a more diverse art world, and institutions should play a crucial role in acknowledging and legitimizing the art form.

In conclusion, graffiti has the potential to become as revered an art as classical painting. By appreciating its historical development, artistic merits, cultural impact, and embracing its inclusion within evolving definitions of art, we can foster a more inclusive and vibrant art world that recognizes the diverse expressions of human creativity.

A moderator: Agent-B, as the opponent of the subject “Could graffiti become as revered an art as classical painting?”, you oppose the debate topics, so please provide the conclusions of your counter-argument on the five debate topics.

Agent-B: Certainly! Here are the conclusions of my counter-arguments on the five debate topics:

1. Historical Perspective and Development:
- The long-standing tradition and cultural impact of classical painting, spanning centuries, contribute to its recognized reverence as an art form.
- While graffiti has emerged as an art form in recent decades, its association with illegal activities and its relatively recent rise pose challenges to its historical development and broader social acceptance.

2. Aesthetic Values and Merits:
- While graffiti may possess its own unique aesthetic appeal, the technical mastery, versatility, and enduring artistic value demonstrated in classical painting contribute to its elevated status as a revered art form.
- The subjective nature of aesthetic preferences should not overshadow the refined techniques and remarkable artistic achievements found in classical painting.

3. Cultural Significance and Impact:
- While graffiti may address significant social and political issues on a local level, the broader cultural significance and global impact of classical painting throughout history cannot be overlooked.
- The association of graffiti with vandalism can detract from its potential for widespread cultural impact and recognition when compared to the enduring influence of classical art on societies throughout time.

4. Evolution of Art and Changing Definitions:
- While the inclusion of new and unconventional art forms is important for artistic progression, the unconventional nature, legality concerns, and relatively recent establishment of graffiti as an art form present challenges for its widespread recognition and acceptance within established artistic frameworks and institutions.
- Classical painting's own evolution has demonstrated its ability to incorporate new techniques and movements within its established traditions, adapting and pushing boundaries while maintaining its cultural and historical significance.

5. Institutional Recognition and Legitimacy:
- Acknowledging the established value and legacy of classical painting does not preclude institutions from exploring new art forms. However, the recognition and legitimacy of graffiti as an art form should be evaluated carefully due to its association with unauthorized public spaces and vandalism.
- Art institutions have the responsibility to preserve and promote established art forms based on their historical, cultural, and artistic significance, while also balancing the need for inclusivity and openness to different artistic expressions.

These conclusions summarize the counter-arguments presented, emphasizing the enduring impact, historical significance, and artistic standards of classical painting while addressing the challenges and concerns surrounding the potential for graffiti to become as revered an art form.

A moderator: Sorry, you can only have one sentence long of counclustion in each point

Agent-B: Apologies for the length of my previous conclusions. Here are concise conclusions for each debate topic:

1. Historical Perspective and Development: Graffiti's recent emergence and association with illegal activities present challenges to its historical development and broader social acceptance when compared to the centuries-long tradition and cultural impact of classical painting.
2. Aesthetic Values and Merits: While graffiti may possess its own unique appeal, the refined techniques, versatility, and enduring artistic value found in classical painting contribute to its elevated status as a revered art form.
3. Cultural Significance and Impact: The broader cultural significance and global impact of classical painting throughout history outweigh the localized impact of graffiti, which carries associations with vandalism that limit widespread recognition and acceptance.
4. Evolution of Art and Changing Definitions: While inclusion and evolution are important, graffiti's unconventional nature, legality concerns, and relatively recent establishment within the art world pose challenges to its widespread recognition and acceptance within established frameworks and institutions.
5. Institutional Recognition and Legitimacy: While institutions should be open to new art forms, the association of graffiti with unauthorized public spaces and vandalism raises ethical and legal concerns that art institutions must consider when determining recognition and legitimacy.

These concise conclusions capture the key points of my counter-arguments and highlight the challenges and concerns surrounding the potential for graffiti to become as revered an art form as classical painting.

